\BOOKMARK [0][-]{chapter.1}{Introdu\347\343o}{}% 1
\BOOKMARK [1][-]{section.1.1}{Finalidade}{chapter.1}% 2
\BOOKMARK [1][-]{section.1.2}{Escopo Geral}{chapter.1}% 3
\BOOKMARK [1][-]{section.1.3}{Refer\352ncias}{chapter.1}% 4
\BOOKMARK [1][-]{section.1.4}{Vis\343o Geral}{chapter.1}% 5
\BOOKMARK [1][-]{section.1.5}{Equipe}{chapter.1}% 6
\BOOKMARK [0][-]{chapter.2}{Posicionamento}{}% 7
\BOOKMARK [1][-]{section.2.1}{Descri\347\343o Geral do Projeto}{chapter.2}% 8
\BOOKMARK [1][-]{section.2.2}{Representa\347\343o Gr\341fica do Produto}{chapter.2}% 9
\BOOKMARK [0][-]{chapter.3}{Identifica\347\343o dos Componentes Envolvidos e Respons\341veis}{}% 10
\BOOKMARK [1][-]{section.3.1}{SpaceWire Codec}{chapter.3}% 11
\BOOKMARK [1][-]{section.3.2}{RMAP}{chapter.3}% 12
\BOOKMARK [1][-]{section.3.3}{OTC - On Board Time Controller}{chapter.3}% 13
\BOOKMARK [1][-]{section.3.4}{Controller}{chapter.3}% 14
\BOOKMARK [1][-]{section.3.5}{Reg. Banco}{chapter.3}% 15
\BOOKMARK [1][-]{section.3.6}{M\363dulo A/D}{chapter.3}% 16
\BOOKMARK [1][-]{section.3.7}{M\363dulo D/A}{chapter.3}% 17
\BOOKMARK [1][-]{section.3.8}{M\363dulo Din}{chapter.3}% 18
\BOOKMARK [1][-]{section.3.9}{M\363dulo Dout}{chapter.3}% 19
\BOOKMARK [1][-]{section.3.10}{Comandos}{chapter.3}% 20
\BOOKMARK [2][-]{subsection.3.10.1}{Definir zona de mem\363ria}{section.3.10}% 21
\BOOKMARK [0][-]{chapter.4}{Recursos do Produto}{}% 22
\BOOKMARK [1][-]{section.4.1}{Fases do projeto}{chapter.4}% 23
\BOOKMARK [1][-]{section.4.2}{Ferramentas}{chapter.4}% 24
\BOOKMARK [1][-]{section.4.3}{Gest\343o}{chapter.4}% 25
\BOOKMARK [1][-]{section.4.3}{Refer\352ncias Bibliogr\341ficas}{chapter.4}% 26
